{"level":20,"time":1709899467327,"pid":76732,"hostname":"hw035878","msg":"created user 65eafecb522e20af74ca3409"}
{"level":20,"time":1709901461334,"pid":85855,"hostname":"hw035878","msg":"created user 65eb06941962f5552a1e3e85"}
{"level":20,"time":1709901529374,"pid":86208,"hostname":"hw035878","msg":"created user 65eb06d9898de253bfafe089"}
{"level":20,"time":1709901736750,"pid":87044,"hostname":"hw035878","msg":"created user 65eb07a8041ca931262210b7"}
{"level":20,"time":1709901790212,"pid":87282,"hostname":"hw035878","msg":"created user 65eb07ddff5ad0da275d1fad"}
{"level":20,"time":1709901790310,"pid":87282,"hostname":"hw035878","msg":"returning signed token for user hello@hello.com"}
{"level":20,"time":1709901811741,"pid":87479,"hostname":"hw035878","msg":"created user 65eb07f30c63f6dfbcdde7d8"}
{"level":20,"time":1709901811845,"pid":87479,"hostname":"hw035878","msg":"returning signed token for user hello@hello.com"}
{"level":20,"time":1709901876286,"pid":87786,"hostname":"hw035878","msg":"created user 65eb0833cc72ba3f9372f3b4"}
{"level":20,"time":1709901876389,"pid":87786,"hostname":"hw035878","msg":"returning signed token for user hello@hello.com"}
{"level":20,"time":1709902036509,"pid":88335,"hostname":"hw035878","msg":"created user 65eb08d4f30322bef075e621"}
{"level":20,"time":1709902036609,"pid":88335,"hostname":"hw035878","msg":"returning signed token for user hello@hello.com"}
{"level":20,"time":1709902069704,"pid":88593,"hostname":"hw035878","msg":"created user 65eb08f5d5934c0bec9e245a"}
{"level":20,"time":1709902069800,"pid":88593,"hostname":"hw035878","msg":"returning signed token for user hello@hello.com"}
{"level":20,"time":1709902093681,"pid":88701,"hostname":"hw035878","msg":"created user 65eb090d26636d4c5f68570b"}
{"level":20,"time":1709902093841,"pid":88701,"hostname":"hw035878","msg":"returning signed token for user hello@hello.com"}
{"level":20,"time":1709902221972,"pid":89405,"hostname":"hw035878","msg":"created user 65eb098dc79d7c993cdb27d0"}
{"level":20,"time":1709902222139,"pid":89405,"hostname":"hw035878","msg":"returning signed token for user hello@hello.com"}
{"level":20,"time":1709902376089,"pid":90029,"hostname":"hw035878","msg":"created user 65eb0a27b8a3bef628b852fc"}
{"level":20,"time":1709902376237,"pid":90029,"hostname":"hw035878","msg":"returning signed token for user hello@hello.com"}
{"level":20,"time":1709902387307,"pid":90128,"hostname":"hw035878","msg":"created user 65eb0a33957fc587350fab1c"}
{"level":20,"time":1709902387453,"pid":90128,"hostname":"hw035878","msg":"returning signed token for user hello@hello.com"}
{"level":20,"time":1709906029018,"pid":94382,"hostname":"hw035878","msg":"created user 65eb186cf586f1308737a8f0"}
{"level":20,"time":1709906029236,"pid":94382,"hostname":"hw035878","msg":"returning signed token for user hello@hello.com"}
{"level":20,"time":1709906056289,"pid":94546,"hostname":"hw035878","msg":"created user 65eb1888c56d677cd4d0431a"}
{"level":20,"time":1709906056442,"pid":94546,"hostname":"hw035878","msg":"returning signed token for user hello@hello.com"}
{"level":20,"time":1709906116780,"pid":94826,"hostname":"hw035878","msg":"created user 65eb18c3662cfcbcb6bbf36b"}
{"level":20,"time":1709906116945,"pid":94826,"hostname":"hw035878","msg":"returning signed token for user hello@hello.com"}
{"level":20,"time":1709906129139,"pid":95031,"hostname":"hw035878","msg":"created user 65eb18d06a5d07912447d907"}
{"level":20,"time":1709906129309,"pid":95031,"hostname":"hw035878","msg":"returning signed token for user hello@hello.com"}
{"level":20,"time":1709906160365,"pid":95166,"hostname":"hw035878","msg":"created user 65eb18ef8c1f5b5016204b50"}
{"level":20,"time":1709906160537,"pid":95166,"hostname":"hw035878","msg":"returning signed token for user hello@hello.com"}
{"level":20,"time":1709906208134,"pid":95431,"hostname":"hw035878","msg":"created user 65eb1920ef463bcf4f5741b8"}
{"level":20,"time":1709906213992,"pid":95431,"hostname":"hw035878","msg":"returning signed token for user string"}
{"level":20,"time":1709906227680,"pid":95431,"hostname":"hw035878","msg":"creating note: [object Object] for user: string"}
{"level":20,"time":1709906227686,"pid":95431,"hostname":"hw035878","msg":"created note for user string"}
{"level":20,"time":1709906240258,"pid":95431,"hostname":"hw035878","msg":"getting all notes of user: string"}
{"level":20,"time":1709906240267,"pid":95431,"hostname":"hw035878","msg":"got 1 notes of user string"}
{"level":20,"time":1709906261062,"pid":95431,"hostname":"hw035878","msg":"getting note of user: string with id: 65eb1933ef463bcf4f5741bb"}
